<?xml version="1.0" encoding="UTF-8"?>
<testsuite name="com.ceiba.parqueadero.pruebasunitarias.TiempoParqueoTest" tests="3" skipped="0" failures="0" errors="0" timestamp="2018-07-12T16:25:14" hostname="MARITZA-GARCIA" time="0.002">
  <properties/>
  <testcase name="calcularHoras" classname="com.ceiba.parqueadero.pruebasunitarias.TiempoParqueoTest" time="0.001"/>
  <testcase name="calcularMinutos" classname="com.ceiba.parqueadero.pruebasunitarias.TiempoParqueoTest" time="0.0"/>
  <testcase name="calcularDias" classname="com.ceiba.parqueadero.pruebasunitarias.TiempoParqueoTest" time="0.001"/>
  <system-out><![CDATA[]]></system-out>
  <system-err><![CDATA[]]></system-err>
</testsuite>
